Default.SFX
Descript.ion
Formats\7z.fmt
Formats\7zxa.dll
Formats\ace.fmt
Formats\arj.fmt
Formats\bz2.fmt
Formats\cab.fmt
Formats\gz.fmt
Formats\iso.fmt
Formats\lzh.fmt
Formats\tar.fmt
Formats\UNACEV2.DLL
Formats\uue.fmt
Formats\xz.fmt
Formats\z.fmt
Formats
License.txt
Order.htm
Rar.exe
Rar.txt
RarExt.dll
RarExt64.dll
RarFiles.lst
ReadMe.txt
Uninstall.exe
Uninstall.lst
UnRAR.exe
WhatsNew.txt
WinCon.SFX
WinRAR.chm
WinRAR.exe
Zip.SFX
winrar.gid
winrar.fts
rarlng.dll
rarnew.dat
zipnew.dat
rar.lng
rarext.lng
setup.lng
sfx.lng
uninstall.lng
winrar.lng
Default64.SFX
Zip64.SFX
WinCon64.SFX
RarExt32.dll
Formats\ace32loader.exe
